<?xml version="1.0" encoding="UTF-8"?>
<testng-results skipped="0" failed="0" ignored="0" total="1" passed="1">
  <reporter-output>
  </reporter-output>
  <suite name="Default suite" duration-ms="69" started-at="2017-01-30T10:09:54Z" finished-at="2017-01-30T10:09:54Z">
    <groups>
    </groups>
    <test name="Default test" duration-ms="69" started-at="2017-01-30T10:09:54Z" finished-at="2017-01-30T10:09:54Z">
      <class name="java_practice1.Assertion">
        <test-method status="PASS" signature="compare()[pri:0, instance:java_practice1.Assertion@66d2e7d9]" name="compare" duration-ms="23" started-at="2017-01-30T15:39:54Z" finished-at="2017-01-30T15:39:54Z">
          <reporter-output>
          </reporter-output>
        </test-method> <!-- compare -->
      </class> <!-- java_practice1.Assertion -->
    </test> <!-- Default test -->
  </suite> <!-- Default suite -->
</testng-results>
